{"/workspaces/curso_typescript/curso_typescript/projetos/fullstack_monorepo/packages/web/src/App.tsx": {"path":"/workspaces/curso_typescript/curso_typescript/projetos/fullstack_monorepo/packages/web/src/App.tsx","statementMap":{"0":{"start":{"line":2,"column":0},"end":{"line":2,"column":44}},"1":{"start":{"line":3,"column":0},"end":{"line":3,"column":59}},"2":{"start":{"line":4,"column":0},"end":{"line":4,"column":59}},"3":{"start":{"line":6,"column":22},"end":{"line":31,"column":1}},"4":{"start":{"line":16,"column":6},"end":{"line":16,"column":16}},"5":{"start":{"line":18,"column":2},"end":{"line":30,"column":4}},"6":{"start":{"line":21,"column":97},"end":{"line":21,"column":115}},"7":{"start":{"line":33,"column":0},"end":{"line":33,"column":19}}},"fnMap":{"0":{"name":"(anonymous_0)","decl":{"start":{"line":6,"column":22},"end":{"line":6,"column":25}},"loc":{"start":{"line":6,"column":27},"end":{"line":31,"column":1}}},"1":{"name":"(anonymous_1)","decl":{"start":{"line":21,"column":90},"end":{"line":21,"column":91}},"loc":{"start":{"line":21,"column":94},"end":{"line":21,"column":117}}}},"branchMap":{"0":{"loc":{"start":{"line":22,"column":7},"end":{"line":23,"column":null}},"type":"binary-expr","locations":[{"start":{"line":22,"column":7},"end":{"line":22,"column":11}},{"start":{"line":23,"column":8},"end":{"line":23,"column":102}}]},"1":{"loc":{"start":{"line":25,"column":7},"end":{"line":26,"column":null}},"type":"binary-expr","locations":[{"start":{"line":25,"column":7},"end":{"line":25,"column":14}},{"start":{"line":26,"column":8},"end":{"line":26,"column":103}}]}},"s":{"0":1,"1":1,"2":1,"3":1,"4":3,"5":2,"6":0,"7":1},"f":{"0":3,"1":0},"b":{"0":[2,0],"1":[2,1]}}
,"/workspaces/curso_typescript/curso_typescript/projetos/fullstack_monorepo/packages/web/src/components/atoms/Button.tsx": {"path":"/workspaces/curso_typescript/curso_typescript/projetos/fullstack_monorepo/packages/web/src/components/atoms/Button.tsx","statementMap":{"0":{"start":{"line":7,"column":45},"end":{"line":8,"column":null}},"1":{"start":{"line":8,"column":2},"end":{"line":8,"column":74}},"2":{"start":{"line":7,"column":13},"end":{"line":7,"column":45}}},"fnMap":{"0":{"name":"(anonymous_0)","decl":{"start":{"line":7,"column":45},"end":{"line":7,"column":46}},"loc":{"start":{"line":8,"column":2},"end":{"line":8,"column":74}}}},"branchMap":{"0":{"loc":{"start":{"line":8,"column":41},"end":{"line":8,"column":64}},"type":"binary-expr","locations":[{"start":{"line":8,"column":41},"end":{"line":8,"column":55}},{"start":{"line":8,"column":59},"end":{"line":8,"column":64}}]}},"s":{"0":3,"1":5,"2":3},"f":{"0":5},"b":{"0":[5,2]}}
,"/workspaces/curso_typescript/curso_typescript/projetos/fullstack_monorepo/packages/web/src/components/atoms/Input.tsx": {"path":"/workspaces/curso_typescript/curso_typescript/projetos/fullstack_monorepo/packages/web/src/components/atoms/Input.tsx","statementMap":{"0":{"start":{"line":7,"column":43},"end":{"line":11,"column":null}},"1":{"start":{"line":8,"column":2},"end":{"line":10,"column":null}},"2":{"start":{"line":7,"column":13},"end":{"line":7,"column":43}}},"fnMap":{"0":{"name":"(anonymous_0)","decl":{"start":{"line":7,"column":43},"end":{"line":7,"column":44}},"loc":{"start":{"line":8,"column":2},"end":{"line":10,"column":null}}}},"branchMap":{},"s":{"0":3,"1":8,"2":3},"f":{"0":8},"b":{}}
,"/workspaces/curso_typescript/curso_typescript/projetos/fullstack_monorepo/packages/web/src/components/molecules/UserForm.tsx": {"path":"/workspaces/curso_typescript/curso_typescript/projetos/fullstack_monorepo/packages/web/src/components/molecules/UserForm.tsx","statementMap":{"0":{"start":{"line":2,"column":0},"end":{"line":2,"column":39}},"1":{"start":{"line":3,"column":0},"end":{"line":3,"column":41}},"2":{"start":{"line":13,"column":49},"end":{"line":18,"column":null}},"3":{"start":{"line":14,"column":2},"end":{"line":17,"column":null}},"4":{"start":{"line":15,"column":62},"end":{"line":15,"column":85}},"5":{"start":{"line":16,"column":65},"end":{"line":16,"column":89}},"6":{"start":{"line":13,"column":13},"end":{"line":13,"column":49}}},"fnMap":{"0":{"name":"(anonymous_0)","decl":{"start":{"line":13,"column":49},"end":{"line":13,"column":50}},"loc":{"start":{"line":14,"column":2},"end":{"line":17,"column":null}}},"1":{"name":"(anonymous_1)","decl":{"start":{"line":15,"column":57},"end":{"line":15,"column":58}},"loc":{"start":{"line":15,"column":62},"end":{"line":15,"column":85}}},"2":{"name":"(anonymous_2)","decl":{"start":{"line":16,"column":60},"end":{"line":16,"column":61}},"loc":{"start":{"line":16,"column":65},"end":{"line":16,"column":89}}}},"branchMap":{},"s":{"0":2,"1":2,"2":2,"3":3,"4":1,"5":1,"6":2},"f":{"0":3,"1":1,"2":1},"b":{}}
,"/workspaces/curso_typescript/curso_typescript/projetos/fullstack_monorepo/packages/web/src/components/organisms/UserList.tsx": {"path":"/workspaces/curso_typescript/curso_typescript/projetos/fullstack_monorepo/packages/web/src/components/organisms/UserList.tsx","statementMap":{"0":{"start":{"line":13,"column":49},"end":{"line":20,"column":null}},"1":{"start":{"line":14,"column":2},"end":{"line":19,"column":null}},"2":{"start":{"line":16,"column":6},"end":{"line":16,"column":21}},"3":{"start":{"line":13,"column":13},"end":{"line":13,"column":49}}},"fnMap":{"0":{"name":"(anonymous_0)","decl":{"start":{"line":13,"column":49},"end":{"line":13,"column":50}},"loc":{"start":{"line":14,"column":2},"end":{"line":19,"column":null}}},"1":{"name":"(anonymous_1)","decl":{"start":{"line":15,"column":15},"end":{"line":15,"column":16}},"loc":{"start":{"line":16,"column":6},"end":{"line":16,"column":21}}}},"branchMap":{},"s":{"0":2,"1":3,"2":2,"3":2},"f":{"0":3,"1":2},"b":{}}
,"/workspaces/curso_typescript/curso_typescript/projetos/fullstack_monorepo/packages/web/src/hooks/useUsers.ts": {"path":"/workspaces/curso_typescript/curso_typescript/projetos/fullstack_monorepo/packages/web/src/hooks/useUsers.ts","statementMap":{"0":{"start":{"line":5,"column":0},"end":{"line":5,"column":16}},"1":{"start":{"line":2,"column":0},"end":{"line":2,"column":44}},"2":{"start":{"line":6,"column":28},"end":{"line":6,"column":48}},"3":{"start":{"line":7,"column":26},"end":{"line":7,"column":38}},"4":{"start":{"line":8,"column":28},"end":{"line":8,"column":40}},"5":{"start":{"line":9,"column":26},"end":{"line":9,"column":55}},"6":{"start":{"line":10,"column":32},"end":{"line":10,"column":46}},"7":{"start":{"line":12,"column":2},"end":{"line":26,"column":9}},"8":{"start":{"line":13,"column":23},"end":{"line":24,"column":5}},"9":{"start":{"line":14,"column":6},"end":{"line":14,"column":23}},"10":{"start":{"line":15,"column":6},"end":{"line":23,"column":7}},"11":{"start":{"line":16,"column":20},"end":{"line":16,"column":66}},"12":{"start":{"line":17,"column":22},"end":{"line":17,"column":38}},"13":{"start":{"line":18,"column":8},"end":{"line":18,"column":23}},"14":{"start":{"line":20,"column":8},"end":{"line":20,"column":46}},"15":{"start":{"line":22,"column":8},"end":{"line":22,"column":26}},"16":{"start":{"line":25,"column":4},"end":{"line":25,"column":22}},"17":{"start":{"line":28,"column":23},"end":{"line":30,"column":3}},"18":{"start":{"line":29,"column":4},"end":{"line":29,"column":52}},"19":{"start":{"line":32,"column":20},"end":{"line":54,"column":3}},"20":{"start":{"line":33,"column":4},"end":{"line":33,"column":23}},"21":{"start":{"line":34,"column":4},"end":{"line":37,"column":5}},"22":{"start":{"line":35,"column":6},"end":{"line":35,"column":39}},"23":{"start":{"line":36,"column":6},"end":{"line":36,"column":13}},"24":{"start":{"line":38,"column":4},"end":{"line":41,"column":5}},"25":{"start":{"line":39,"column":6},"end":{"line":39,"column":42}},"26":{"start":{"line":40,"column":6},"end":{"line":40,"column":13}},"27":{"start":{"line":42,"column":4},"end":{"line":42,"column":18}},"28":{"start":{"line":43,"column":4},"end":{"line":43,"column":21}},"29":{"start":{"line":44,"column":16},"end":{"line":48,"column":6}},"30":{"start":{"line":49,"column":18},"end":{"line":49,"column":34}},"31":{"start":{"line":50,"column":4},"end":{"line":50,"column":31}},"32":{"start":{"line":51,"column":4},"end":{"line":51,"column":16}},"33":{"start":{"line":52,"column":4},"end":{"line":52,"column":17}},"34":{"start":{"line":53,"column":4},"end":{"line":53,"column":22}},"35":{"start":{"line":56,"column":2},"end":{"line":65,"column":4}}},"fnMap":{"0":{"name":"useUsers","decl":{"start":{"line":5,"column":16},"end":{"line":5,"column":24}},"loc":{"start":{"line":5,"column":24},"end":{"line":66,"column":1}}},"1":{"name":"(anonymous_1)","decl":{"start":{"line":12,"column":12},"end":{"line":12,"column":15}},"loc":{"start":{"line":12,"column":17},"end":{"line":26,"column":3}}},"2":{"name":"(anonymous_2)","decl":{"start":{"line":13,"column":23},"end":{"line":13,"column":28}},"loc":{"start":{"line":13,"column":34},"end":{"line":24,"column":5}}},"3":{"name":"(anonymous_3)","decl":{"start":{"line":28,"column":23},"end":{"line":28,"column":24}},"loc":{"start":{"line":28,"column":41},"end":{"line":30,"column":3}}},"4":{"name":"(anonymous_4)","decl":{"start":{"line":32,"column":20},"end":{"line":32,"column":25}},"loc":{"start":{"line":32,"column":49},"end":{"line":54,"column":3}}}},"branchMap":{"0":{"loc":{"start":{"line":34,"column":4},"end":{"line":37,"column":5}},"type":"if","locations":[{"start":{"line":34,"column":4},"end":{"line":37,"column":5}},{"start":{},"end":{}}]},"1":{"loc":{"start":{"line":38,"column":4},"end":{"line":41,"column":5}},"type":"if","locations":[{"start":{"line":38,"column":4},"end":{"line":41,"column":5}},{"start":{},"end":{}}]}},"s":{"0":1,"1":1,"2":3,"3":2,"4":2,"5":2,"6":2,"7":2,"8":1,"9":1,"10":1,"11":1,"12":1,"13":1,"14":0,"15":1,"16":1,"17":2,"18":0,"19":2,"20":0,"21":0,"22":0,"23":0,"24":0,"25":0,"26":0,"27":0,"28":0,"29":0,"30":0,"31":0,"32":0,"33":0,"34":0,"35":2},"f":{"0":3,"1":1,"2":1,"3":0,"4":0},"b":{"0":[0,0],"1":[0,0]}}
}
